<?xml version='1.0' encoding='UTF-8'?>
<testsuite hostname="DESKTOP-VNCUNEA" name="InitalizationTest" tests="1" errors="0" failures="0" skipped="0" time="7.071" timestamp="2022-03-05T09:58:46">
                     <properties>
[...]
</properties>
                     <testcase classname="InitalizationTest" name="checkInitalized" time="7.071">
                                                 
                                               </testcase>
                     <system-out><![CDATA[]]></system-out>
                     <system-err><![CDATA[]]></system-err>
                   </testsuite>